Baseline: llada-8b-instruct, loss=nll, benchmark=tofu
Loading checkpoint shards:   0%|          | 0/6 [00:00<?, ?it/s]Loading checkpoint shards:  17%|█▋        | 1/6 [00:00<00:04,  1.22it/s]Loading checkpoint shards:  33%|███▎      | 2/6 [00:01<00:02,  1.87it/s]Loading checkpoint shards:  50%|█████     | 3/6 [00:01<00:01,  2.26it/s]Loading checkpoint shards:  67%|██████▋   | 4/6 [00:01<00:00,  2.48it/s]Loading checkpoint shards:  83%|████████▎ | 5/6 [00:02<00:00,  2.67it/s]Loading checkpoint shards: 100%|██████████| 6/6 [00:02<00:00,  3.08it/s]Loading checkpoint shards: 100%|██████████| 6/6 [00:02<00:00,  2.52it/s]
Evaluating...
Saved to /diskthalys/ssd14ta/kmunaoka/Research/llada-unlearn-relearn/results/baselines/tofu_llada_nll.json
{
  "forget_quality": {
    "loss": 8.86328125,
    "perplexity": 7067.6354176522855
  },
  "model_utility": {
    "loss": 9.17625,
    "perplexity": 9664.841576074316
  },
  "mia": {
    "auc": 0.6555000000000001,
    "member_mean_loss": 8.86328125,
    "non_member_mean_loss": 9.17625
  },
  "config": {
    "model": "llada-8b-instruct",
    "loss_mode": "nll",
    "benchmark": "tofu"
  },
  "benchmark_metadata": {
    "benchmark": "tofu",
    "forget_split": "forget01",
    "retain_split": "retain99",
    "forget_size": 40,
    "retain_size": 3960,
    "test_size": 100
  }
}
