Baseline: llada-8b-instruct, loss=nll, benchmark=tofu
Loading checkpoint shards:   0%|          | 0/6 [00:00<?, ?it/s]Loading checkpoint shards:  17%|█▋        | 1/6 [00:00<00:03,  1.40it/s]Loading checkpoint shards:  33%|███▎      | 2/6 [00:01<00:01,  2.04it/s]Loading checkpoint shards:  50%|█████     | 3/6 [00:01<00:01,  2.40it/s]Loading checkpoint shards:  67%|██████▋   | 4/6 [00:01<00:00,  2.58it/s]Loading checkpoint shards:  83%|████████▎ | 5/6 [00:02<00:00,  2.75it/s]Loading checkpoint shards: 100%|██████████| 6/6 [00:02<00:00,  3.16it/s]Loading checkpoint shards: 100%|██████████| 6/6 [00:02<00:00,  2.65it/s]
Evaluating...
Saved to /diskthalys/ssd14ta/kmunaoka/Research/llada-unlearn-relearn/results/baselines/tofu_llada_nll.json
{
  "forget_quality": {
    "loss": 3.613671875,
    "perplexity": 37.10203704576514
  },
  "model_utility": {
    "loss": 3.16296875,
    "perplexity": 23.640675108043748
  },
  "mia": {
    "auc": 0.0,
    "member_mean_loss": 3.613671875,
    "non_member_mean_loss": 3.16296875
  },
  "config": {
    "model": "llada-8b-instruct",
    "loss_mode": "nll",
    "benchmark": "tofu"
  },
  "benchmark_metadata": {
    "benchmark": "tofu",
    "forget_split": "forget01",
    "retain_split": "retain99",
    "forget_size": 40,
    "retain_size": 3960,
    "test_size": 100
  }
}
